2017-09-24 22:12:30,852 [Worker-4] INFO  c.g.t.t.d.PublishedGradleVersions - Gradle version information cache is up-to-date. Trying to read.
2017-09-24 22:12:45,150 [Start Help Server] INFO  org.eclipse.jetty.util.log - Logging initialized @23260ms to org.eclipse.jetty.util.log.Slf4jLog
2017-09-24 22:12:46,813 [Start Help Server] INFO  org.eclipse.jetty.server.Server - jetty-9.4.5.v20170502
2017-09-24 22:12:46,862 [Start Help Server] INFO  org.eclipse.jetty.server.session - DefaultSessionIdManager workerName=node0
2017-09-24 22:12:46,862 [Start Help Server] INFO  org.eclipse.jetty.server.session - No SessionScavenger set, using defaults
2017-09-24 22:12:46,864 [Start Help Server] INFO  org.eclipse.jetty.server.session - Scavenging every 600000ms
2017-09-24 22:12:46,905 [Start Help Server] INFO  o.e.j.server.handler.ContextHandler - Started o.e.j.s.ServletContextHandler@2a9f5fb{/help,null,AVAILABLE}
2017-09-24 22:12:46,983 [Start Help Server] INFO  o.e.jetty.server.AbstractConnector - Started ServerConnector@41d9b52c{HTTP/1.1,[http/1.1]}{127.0.0.1:60181}
2017-09-24 22:12:46,984 [Start Help Server] INFO  org.eclipse.jetty.server.Server - Started @25095ms
2017-09-24 22:12:53,587 [qtp854933320-45] WARN  o.eclipse.jetty.server.HttpChannel - /help/index.jsp
org.apache.jasper.JasperException: java.lang.NullPointerException
	at org.apache.jasper.servlet.JspServletWrapper.service(JspServletWrapper.java:432) ~[na:na]
	at org.apache.jasper.servlet.JspServlet.serviceJspFile(JspServlet.java:492) ~[na:na]
	at org.apache.jasper.servlet.JspServlet.service(JspServlet.java:378) ~[na:na]
	at javax.servlet.http.HttpServlet.service(HttpServlet.java:790) ~[javax.servlet_3.1.0.v201410161800.jar:3.1.0]
	at org.eclipse.equinox.jsp.jasper.JspServlet.service(JspServlet.java:155) ~[na:na]
	at javax.servlet.http.HttpServlet.service(HttpServlet.java:790) ~[javax.servlet_3.1.0.v201410161800.jar:3.1.0]
	at org.eclipse.equinox.http.registry.internal.ServletManager$ServletWrapper.service(ServletManager.java:180) ~[na:na]
	at org.eclipse.equinox.http.servlet.internal.HttpServiceRuntimeImpl$LegacyServlet.service(HttpServiceRuntimeImpl.java:1223) ~[na:na]
	at org.eclipse.equinox.http.servlet.internal.registration.EndpointRegistration.service(EndpointRegistration.java:148) ~[na:na]
	at org.eclipse.equinox.http.servlet.internal.servlet.ResponseStateHandler.processRequest(ResponseStateHandler.java:62) ~[na:na]
	at org.eclipse.equinox.http.servlet.internal.context.DispatchTargets.doDispatch(DispatchTargets.java:131) ~[na:na]
	at org.eclipse.equinox.http.servlet.internal.servlet.RequestDispatcherAdaptor.include(RequestDispatcherAdaptor.java:48) ~[na:na]
	at org.apache.jasper.runtime.JspRuntimeLibrary.include(JspRuntimeLibrary.java:1015) ~[na:na]
	at org.apache.jasper.runtime.PageContextImpl.include(PageContextImpl.java:689) ~[na:na]
	at org.apache.jasper.runtime.PageContextImpl.doHandlePageException(PageContextImpl.java:908) ~[na:na]
	at org.apache.jasper.runtime.PageContextImpl.handlePageException(PageContextImpl.java:879) ~[na:na]
	at org.apache.jsp.index_jsp._jspService(org.apache.jsp.index_jsp:91) ~[na:na]
	at org.apache.jasper.runtime.HttpJspBase.service(HttpJspBase.java:111) ~[na:na]
	at javax.servlet.http.HttpServlet.service(HttpServlet.java:790) ~[javax.servlet_3.1.0.v201410161800.jar:3.1.0]
	at org.apache.jasper.servlet.JspServletWrapper.service(JspServletWrapper.java:403) ~[na:na]
	at org.apache.jasper.servlet.JspServlet.serviceJspFile(JspServlet.java:492) ~[na:na]
	at org.apache.jasper.servlet.JspServlet.service(JspServlet.java:378) ~[na:na]
	at javax.servlet.http.HttpServlet.service(HttpServlet.java:790) ~[javax.servlet_3.1.0.v201410161800.jar:3.1.0]
	at org.eclipse.equinox.jsp.jasper.JspServlet.service(JspServlet.java:155) ~[na:na]
	at javax.servlet.http.HttpServlet.service(HttpServlet.java:790) ~[javax.servlet_3.1.0.v201410161800.jar:3.1.0]
	at org.eclipse.equinox.http.registry.internal.ServletManager$ServletWrapper.service(ServletManager.java:180) ~[na:na]
	at org.eclipse.equinox.http.servlet.internal.HttpServiceRuntimeImpl$LegacyServlet.service(HttpServiceRuntimeImpl.java:1223) ~[na:na]
	at org.eclipse.equinox.http.servlet.internal.registration.EndpointRegistration.service(EndpointRegistration.java:148) ~[na:na]
	at org.eclipse.equinox.http.servlet.internal.servlet.ResponseStateHandler.processRequest(ResponseStateHandler.java:62) ~[na:na]
	at org.eclipse.equinox.http.servlet.internal.context.DispatchTargets.doDispatch(DispatchTargets.java:131) ~[na:na]
	at org.eclipse.equinox.http.servlet.internal.servlet.ProxyServlet.service(ProxyServlet.java:74) ~[na:na]
	at javax.servlet.http.HttpServlet.service(HttpServlet.java:790) ~[javax.servlet_3.1.0.v201410161800.jar:3.1.0]
	at org.eclipse.equinox.http.jetty.internal.HttpServerManager$InternalHttpServiceServlet.service(HttpServerManager.java:284) ~[na:na]
	at org.eclipse.jetty.servlet.ServletHolder.handle(ServletHolder.java:841) ~[na:na]
	at org.eclipse.jetty.servlet.ServletHandler.doHandle(ServletHandler.java:535) ~[na:na]
	at org.eclipse.jetty.server.handler.ScopedHandler.nextHandle(ScopedHandler.java:188) ~[org.eclipse.jetty.server_9.4.5.v20170502.jar:9.4.5.v20170502]
	at org.eclipse.jetty.server.session.SessionHandler.doHandle(SessionHandler.java:1595) ~[org.eclipse.jetty.server_9.4.5.v20170502.jar:9.4.5.v20170502]
	at org.eclipse.jetty.server.handler.ScopedHandler.nextHandle(ScopedHandler.java:188) ~[org.eclipse.jetty.server_9.4.5.v20170502.jar:9.4.5.v20170502]
	at org.eclipse.jetty.server.handler.ContextHandler.doHandle(ContextHandler.java:1253) ~[org.eclipse.jetty.server_9.4.5.v20170502.jar:9.4.5.v20170502]
	at org.eclipse.jetty.server.handler.ScopedHandler.nextScope(ScopedHandler.java:168) ~[org.eclipse.jetty.server_9.4.5.v20170502.jar:9.4.5.v20170502]
	at org.eclipse.jetty.servlet.ServletHandler.doScope(ServletHandler.java:473) ~[na:na]
	at org.eclipse.jetty.server.session.SessionHandler.doScope(SessionHandler.java:1564) ~[org.eclipse.jetty.server_9.4.5.v20170502.jar:9.4.5.v20170502]
	at org.eclipse.jetty.server.handler.ScopedHandler.nextScope(ScopedHandler.java:166) ~[org.eclipse.jetty.server_9.4.5.v20170502.jar:9.4.5.v20170502]
	at org.eclipse.jetty.server.handler.ContextHandler.doScope(ContextHandler.java:1155) ~[org.eclipse.jetty.server_9.4.5.v20170502.jar:9.4.5.v20170502]
	at org.eclipse.jetty.server.handler.ScopedHandler.handle(ScopedHandler.java:141) ~[org.eclipse.jetty.server_9.4.5.v20170502.jar:9.4.5.v20170502]
	at org.eclipse.jetty.server.handler.HandlerWrapper.handle(HandlerWrapper.java:132) ~[org.eclipse.jetty.server_9.4.5.v20170502.jar:9.4.5.v20170502]
	at org.eclipse.jetty.server.Server.handle(Server.java:564) ~[org.eclipse.jetty.server_9.4.5.v20170502.jar:9.4.5.v20170502]
	at org.eclipse.jetty.server.HttpChannel.handle(HttpChannel.java:317) ~[org.eclipse.jetty.server_9.4.5.v20170502.jar:9.4.5.v20170502]
	at org.eclipse.jetty.server.HttpConnection.onFillable(HttpConnection.java:251) [org.eclipse.jetty.server_9.4.5.v20170502.jar:9.4.5.v20170502]
	at org.eclipse.jetty.io.AbstractConnection$ReadCallback.succeeded(AbstractConnection.java:279) [org.eclipse.jetty.io_9.4.5.v20170502.jar:9.4.5.v20170502]
	at org.eclipse.jetty.io.FillInterest.fillable(FillInterest.java:110) [org.eclipse.jetty.io_9.4.5.v20170502.jar:9.4.5.v20170502]
	at org.eclipse.jetty.io.ChannelEndPoint$2.run(ChannelEndPoint.java:124) [org.eclipse.jetty.io_9.4.5.v20170502.jar:9.4.5.v20170502]
	at org.eclipse.jetty.util.thread.Invocable.invokePreferred(Invocable.java:128) [org.eclipse.jetty.util_9.4.5.v20170502.jar:9.4.5.v20170502]
	at org.eclipse.jetty.util.thread.Invocable$InvocableExecutor.invoke(Invocable.java:222) [org.eclipse.jetty.util_9.4.5.v20170502.jar:9.4.5.v20170502]
	at org.eclipse.jetty.util.thread.strategy.EatWhatYouKill.doProduce(EatWhatYouKill.java:294) [org.eclipse.jetty.util_9.4.5.v20170502.jar:9.4.5.v20170502]
	at org.eclipse.jetty.util.thread.strategy.EatWhatYouKill.produce(EatWhatYouKill.java:126) [org.eclipse.jetty.util_9.4.5.v20170502.jar:9.4.5.v20170502]
	at org.eclipse.jetty.util.thread.QueuedThreadPool.runJob(QueuedThreadPool.java:672) ~[org.eclipse.jetty.util_9.4.5.v20170502.jar:9.4.5.v20170502]
	at org.eclipse.jetty.util.thread.QueuedThreadPool$2.run(QueuedThreadPool.java:590) ~[org.eclipse.jetty.util_9.4.5.v20170502.jar:9.4.5.v20170502]
	at java.lang.Thread.run(Unknown Source) ~[na:1.8.0_144]
Caused by: java.lang.NullPointerException: null
	at org.apache.jsp.advanced.err_jsp._jspService(org.apache.jsp.advanced.err_jsp:28) ~[na:na]
	at org.apache.jasper.runtime.HttpJspBase.service(HttpJspBase.java:111) ~[na:na]
	at javax.servlet.http.HttpServlet.service(HttpServlet.java:790) ~[javax.servlet_3.1.0.v201410161800.jar:3.1.0]
	at org.apache.jasper.servlet.JspServletWrapper.service(JspServletWrapper.java:403) ~[na:na]
	... 58 common frames omitted
2017-09-24 22:13:11,149 [Stop Help Server] INFO  o.e.jetty.server.AbstractConnector - Stopped ServerConnector@41d9b52c{HTTP/1.1,[http/1.1]}{127.0.0.1:0}
2017-09-24 22:13:11,150 [Stop Help Server] INFO  org.eclipse.jetty.server.session - Stopped scavenging
2017-09-24 22:13:11,171 [Stop Help Server] INFO  o.e.j.server.handler.ContextHandler - Stopped o.e.j.s.ServletContextHandler@2a9f5fb{/help,null,UNAVAILABLE}
2017-10-02 18:18:51,810 [Worker-3] INFO  c.g.t.t.d.PublishedGradleVersions - Gradle version information cache is up-to-date. Trying to read.
2017-10-02 18:20:41,217 [Worker-3] INFO  c.g.t.t.d.PublishedGradleVersions - Gradle version information cache is up-to-date. Trying to read.
2017-10-02 18:24:01,888 [Worker-3] INFO  c.g.t.t.d.PublishedGradleVersions - Gradle version information cache is up-to-date. Trying to read.
2017-10-02 18:24:31,519 [Worker-0] INFO  c.g.t.t.d.PublishedGradleVersions - Gradle version information cache is up-to-date. Trying to read.
2017-10-04 13:18:12,636 [Worker-0] INFO  c.g.t.t.d.PublishedGradleVersions - Gradle version information cache is out-of-date. Trying to update.
